<?xml version="1.0" encoding="UTF-8"?>
<testsuite xmlns:xsi="http://www.w3.org/2001/XMLSchema-instance" xsi:noNamespaceSchemaLocation="https://maven.apache.org/surefire/maven-surefire-plugin/xsd/surefire-test-report-3.0.xsd" version="3.0" name="com.demoqa.tests.AlertsFrameWindowsTests" time="12.42" tests="3" errors="0" skipped="0" failures="0">
  <properties>
[...]
</properties>
  <testcase name="waitAlertTest" classname="com.demoqa.tests.AlertsFrameWindowsTests" time="7.849">
    <system-out><![CDATA[21:18:01.046 [main] INFO  com.demoqa.core.TestBase - Start test_______waitAlertTest()
21:18:01.125 [main] INFO  com.demoqa.pages.HomePage - Page initialized: HomePage
21:18:01.125 [main] INFO  com.demoqa.pages.HomePage - Explicit wait created for 5 seconds
21:18:01.166 [main] INFO  com.demoqa.pages.HomePage - Element clicked with JS
21:18:01.167 [main] INFO  com.demoqa.pages.SidePanel - Page initialized: SidePanel
21:18:01.167 [main] INFO  com.demoqa.pages.SidePanel - Page initialized: SidePanel
21:18:01.168 [main] INFO  c.d.p.alertsFrameWindows.AlertsPage - Page initialized: AlertsPage
21:18:01.170 [main] INFO  c.d.p.alertsFrameWindows.IframesPage - Page initialized: IframesPage
21:18:01.171 [main] INFO  com.demoqa.pages.SidePanel - Explicit wait created for 5 seconds
21:18:01.206 [main] INFO  com.demoqa.pages.SidePanel - Element clicked with JS
21:18:01.206 [main] INFO  c.d.p.alertsFrameWindows.AlertsPage - Page initialized: AlertsPage
21:18:01.206 [main] INFO  c.d.p.alertsFrameWindows.AlertsPage - Explicit wait created for 5 seconds
21:18:01.265 [main] INFO  c.d.p.alertsFrameWindows.AlertsPage - Element clicked with JS
21:18:01.265 [main] INFO  c.d.p.alertsFrameWindows.AlertsPage - Explicit wait created for 5 seconds
21:18:06.327 [main] INFO  c.d.p.alertsFrameWindows.AlertsPage - Alert is present
21:18:06.330 [main] INFO  c.d.p.alertsFrameWindows.AlertsPage - Alert accepted
21:18:06.430 [main] INFO  com.demoqa.core.TestBase - Browser closed
21:18:06.430 [main] INFO  com.demoqa.core.TestBase - ==================================================
21:18:06.432 [main] INFO  com.demoqa.core.TestResultLogger - TEST PASSED: waitAlertTest()
]]></system-out>
  </testcase>
  <testcase name="newTabTest" classname="com.demoqa.tests.AlertsFrameWindowsTests" time="2.303">
    <system-out><![CDATA[21:18:08.447 [main] INFO  com.demoqa.core.TestBase - Start test_______newTabTest()
21:18:08.448 [main] INFO  com.demoqa.pages.HomePage - Page initialized: HomePage
21:18:08.448 [main] INFO  com.demoqa.pages.HomePage - Explicit wait created for 5 seconds
21:18:08.483 [main] INFO  com.demoqa.pages.HomePage - Element clicked with JS
21:18:08.484 [main] INFO  com.demoqa.pages.SidePanel - Page initialized: SidePanel
21:18:08.484 [main] INFO  com.demoqa.pages.SidePanel - Page initialized: SidePanel
21:18:08.484 [main] INFO  c.d.p.alertsFrameWindows.AlertsPage - Page initialized: AlertsPage
21:18:08.484 [main] INFO  c.d.p.alertsFrameWindows.IframesPage - Page initialized: IframesPage
21:18:08.485 [main] INFO  com.demoqa.pages.SidePanel - Explicit wait created for 5 seconds
21:18:08.516 [main] INFO  com.demoqa.pages.SidePanel - Element clicked with JS
21:18:08.517 [main] INFO  c.d.p.alertsFrameWindows.WindowsPage - Page initialized: WindowsPage
21:18:08.517 [main] INFO  c.d.p.alertsFrameWindows.WindowsPage - Explicit wait created for 5 seconds
21:18:08.559 [main] INFO  c.d.p.alertsFrameWindows.WindowsPage - Element clicked with JS
21:18:08.564 [main] INFO  c.d.p.alertsFrameWindows.WindowsPage - Explicit wait created for 5 seconds
21:18:08.650 [main] INFO  c.d.p.alertsFrameWindows.WindowsPage - Wait for text 'This is a sample page' result: true
21:18:08.736 [main] INFO  com.demoqa.core.TestBase - Browser closed
21:18:08.736 [main] INFO  com.demoqa.core.TestBase - ==================================================
21:18:08.736 [main] INFO  com.demoqa.core.TestResultLogger - TEST PASSED: newTabTest()
]]></system-out>
  </testcase>
  <testcase name="iframeByIdTest" classname="com.demoqa.tests.AlertsFrameWindowsTests" time="2.258">
    <system-out><![CDATA[21:18:10.738 [main] INFO  com.demoqa.core.TestBase - Start test_______iframeByIdTest()
21:18:10.738 [main] INFO  com.demoqa.pages.HomePage - Page initialized: HomePage
21:18:10.738 [main] INFO  com.demoqa.pages.HomePage - Explicit wait created for 5 seconds
21:18:10.776 [main] INFO  com.demoqa.pages.HomePage - Element clicked with JS
21:18:10.776 [main] INFO  com.demoqa.pages.SidePanel - Page initialized: SidePanel
21:18:10.776 [main] INFO  com.demoqa.pages.SidePanel - Page initialized: SidePanel
21:18:10.776 [main] INFO  c.d.p.alertsFrameWindows.AlertsPage - Page initialized: AlertsPage
21:18:10.777 [main] INFO  c.d.p.alertsFrameWindows.IframesPage - Page initialized: IframesPage
21:18:10.777 [main] INFO  com.demoqa.pages.SidePanel - Explicit wait created for 5 seconds
21:18:10.812 [main] INFO  com.demoqa.pages.SidePanel - Element clicked with JS
21:18:10.813 [main] INFO  c.d.p.alertsFrameWindows.IframesPage - Page initialized: IframesPage
21:18:10.912 [main] INFO  c.d.p.alertsFrameWindows.IframesPage - Text contains check: 'This is a sample page' -> true
21:18:10.994 [main] INFO  com.demoqa.core.TestBase - Browser closed
21:18:10.994 [main] INFO  com.demoqa.core.TestBase - ==================================================
21:18:10.995 [main] INFO  com.demoqa.core.TestResultLogger - TEST PASSED: iframeByIdTest()
]]></system-out>
  </testcase>
</testsuite>